[0.082s] Invoking command in '/source/build/teleop_twist_joy': CMAKE_PREFIX_PATH=/opt/ros/humble /usr/bin/cmake /source/src/teleop_twist_joy -DAMENT_CMAKE_SYMLINK_INSTALL=1 -DCMAKE_INSTALL_PREFIX=/source/install/teleop_twist_joy
[0.210s] -- The C compiler identification is GNU 11.4.0
[0.335s] -- The CXX compiler identification is GNU 11.4.0
[0.350s] -- Detecting C compiler ABI info
[0.488s] -- Detecting C compiler ABI info - done
[0.503s] -- Check for working C compiler: /usr/bin/cc - skipped
[0.504s] -- Detecting C compile features
[0.504s] -- Detecting C compile features - done
[0.511s] -- Detecting CXX compiler ABI info
[0.679s] -- Detecting CXX compiler ABI info - done
[0.707s] -- Check for working CXX compiler: /usr/bin/c++ - skipped
[0.708s] -- Detecting CXX compile features
[0.710s] -- Detecting CXX compile features - done
[0.732s] -- Found ament_cmake: 1.3.8 (/opt/ros/humble/share/ament_cmake/cmake)
[0.989s] -- Found Python3: /usr/bin/python3 (found version "3.10.12") found components: Interpreter 
[1.114s] -- Override CMake install command with custom implementation using symlinks instead of copying resources
[1.205s] -- Found geometry_msgs: 4.2.3 (/opt/ros/humble/share/geometry_msgs/cmake)
[1.289s] -- Found rosidl_generator_c: 3.1.5 (/opt/ros/humble/share/rosidl_generator_c/cmake)
[1.299s] -- Found rosidl_adapter: 3.1.5 (/opt/ros/humble/share/rosidl_adapter/cmake)
[1.322s] -- Found rosidl_generator_cpp: 3.1.5 (/opt/ros/humble/share/rosidl_generator_cpp/cmake)
[1.358s] -- Using all available rosidl_typesupport_c: rosidl_typesupport_fastrtps_c;rosidl_typesupport_introspection_c
[1.403s] -- Using all available rosidl_typesupport_cpp: rosidl_typesupport_fastrtps_cpp;rosidl_typesupport_introspection_cpp
[1.654s] -- Found rclcpp: 16.0.8 (/opt/ros/humble/share/rclcpp/cmake)
[1.780s] -- Found rmw_implementation_cmake: 6.1.1 (/opt/ros/humble/share/rmw_implementation_cmake/cmake)
[1.786s] -- Found rmw_fastrtps_cpp: 6.2.6 (/opt/ros/humble/share/rmw_fastrtps_cpp/cmake)
[1.995s] -- Found OpenSSL: /usr/lib/x86_64-linux-gnu/libcrypto.so (found version "3.0.2")  
[2.029s] -- Found FastRTPS: /opt/ros/humble/include  
[2.099s] -- Using RMW implementation 'rmw_fastrtps_cpp' as default
[2.119s] -- Looking for pthread.h
[2.287s] -- Looking for pthread.h - found
[2.288s] -- Performing Test CMAKE_HAVE_LIBC_PTHREAD
[2.458s] -- Performing Test CMAKE_HAVE_LIBC_PTHREAD - Success
[2.459s] -- Found Threads: TRUE  
[2.709s] -- Found rclcpp_components: 16.0.8 (/opt/ros/humble/share/rclcpp_components/cmake)
[2.840s] -- Found sensor_msgs: 4.2.3 (/opt/ros/humble/share/sensor_msgs/cmake)
[3.006s] -- Performing Test COMPILER_HAS_HIDDEN_VISIBILITY
[3.194s] -- Performing Test COMPILER_HAS_HIDDEN_VISIBILITY - Success
[3.197s] -- Performing Test COMPILER_HAS_HIDDEN_INLINE_VISIBILITY
[3.366s] -- Performing Test COMPILER_HAS_HIDDEN_INLINE_VISIBILITY - Success
[3.367s] -- Performing Test COMPILER_HAS_DEPRECATED_ATTR
[3.545s] -- Performing Test COMPILER_HAS_DEPRECATED_ATTR - Success
[3.566s] -- Found ament_lint_auto: 0.12.10 (/opt/ros/humble/share/ament_lint_auto/cmake)
[3.760s] -- Found python_cmake_module: 0.10.0 (/opt/ros/humble/share/python_cmake_module/cmake)
[3.793s] -- Found PythonInterp: /usr/bin/python3 (found suitable version "3.10.12", minimum required is "3.6") 
[3.804s] -- Found PythonLibs: /usr/lib/x86_64-linux-gnu/libpython3.10.so (found suitable version "3.10.12", minimum required is "3.5") 
[3.805s] -- Using PYTHON_EXECUTABLE: /usr/bin/python3
[3.805s] -- Using PYTHON_INCLUDE_DIRS: /usr/include/python3.10
[3.805s] -- Using PYTHON_LIBRARIES: /usr/lib/x86_64-linux-gnu/libpython3.10.so
[3.853s] -- Found PythonExtra: .so  
[3.910s] -- Added test 'cppcheck' to perform static code analysis on C / C++ code
[3.910s] -- Configured cppcheck include dirs: $<BUILD_INTERFACE:/source/src/teleop_twist_joy/include>
[3.911s] -- Configured cppcheck exclude dirs and/or files: 
[3.919s] -- Added test 'cpplint' to check C / C++ code against the Google style
[3.919s] -- Configured cpplint exclude dirs and/or files: 
[3.922s] -- Added test 'flake8' to check Python code syntax and style conventions
[3.925s] -- Added test 'lint_cmake' to check CMake code style
[3.927s] -- Added test 'pep257' to check Python code against some of the docstring style conventions in PEP 257
[3.937s] -- Added test 'uncrustify' to check C / C++ code style
[3.937s] -- Configured uncrustify additional arguments: 
[3.939s] -- Added test 'xmllint' to check XML markup files
[3.948s] -- Configuring done
[3.979s] -- Generating done
[3.983s] -- Build files have been written to: /source/build/teleop_twist_joy
[3.998s] Invoked command in '/source/build/teleop_twist_joy' returned '0': CMAKE_PREFIX_PATH=/opt/ros/humble /usr/bin/cmake /source/src/teleop_twist_joy -DAMENT_CMAKE_SYMLINK_INSTALL=1 -DCMAKE_INSTALL_PREFIX=/source/install/teleop_twist_joy
[4.000s] Invoking command in '/source/build/teleop_twist_joy': CMAKE_PREFIX_PATH=/opt/ros/humble /usr/bin/cmake --build /source/build/teleop_twist_joy -- -j8 -l8
[4.113s] [ 25%] [32mBuilding CXX object CMakeFiles/teleop_twist_joy.dir/src/teleop_twist_joy.cpp.o[0m
[18.731s] [ 50%] [32m[1mLinking CXX shared library libteleop_twist_joy.so[0m
[19.812s] [ 50%] Built target teleop_twist_joy
[19.870s] [ 75%] [32mBuilding CXX object CMakeFiles/teleop_twist_joy_node.dir/src/teleop_node.cpp.o[0m
[25.150s] [100%] [32m[1mLinking CXX executable teleop_node[0m
[25.661s] [100%] Built target teleop_twist_joy_node
[25.687s] Invoked command in '/source/build/teleop_twist_joy' returned '0': CMAKE_PREFIX_PATH=/opt/ros/humble /usr/bin/cmake --build /source/build/teleop_twist_joy -- -j8 -l8
[25.794s] Invoking command in '/source/build/teleop_twist_joy': CMAKE_PREFIX_PATH=/opt/ros/humble /usr/bin/cmake --install /source/build/teleop_twist_joy
[25.808s] -- Install configuration: ""
[25.808s] -- Execute custom install script
[25.809s] -- Symlinking: /source/install/teleop_twist_joy/lib/teleop_twist_joy/teleop_node
[25.827s] -- Symlinking: /source/install/teleop_twist_joy/include/teleop_twist_joy/teleop_twist_joy/teleop_twist_joy.hpp
[25.846s] -- Symlinking: /source/install/teleop_twist_joy/include/teleop_twist_joy/teleop_twist_joy/teleop_twist_joy_export.h
[25.865s] -- Symlinking: /source/install/teleop_twist_joy/share/teleop_twist_joy/launch/teleop-launch.py
[25.882s] -- Symlinking: /source/install/teleop_twist_joy/share/teleop_twist_joy/config/atk3.config.yaml
[25.900s] -- Symlinking: /source/install/teleop_twist_joy/share/teleop_twist_joy/config/pdp.config.yaml
[25.917s] -- Symlinking: /source/install/teleop_twist_joy/share/teleop_twist_joy/config/ps3-holonomic.config.yaml
[25.934s] -- Symlinking: /source/install/teleop_twist_joy/share/teleop_twist_joy/config/ps3.config.yaml
[25.966s] -- Symlinking: /source/install/teleop_twist_joy/share/teleop_twist_joy/config/xbox.config.yaml
[25.985s] -- Symlinking: /source/install/teleop_twist_joy/share/teleop_twist_joy/config/xd3.config.yaml
[26.005s] -- Symlinking: /source/install/teleop_twist_joy/share/teleop_twist_joy/environment/library_path.sh
[26.024s] -- Symlinking: /source/install/teleop_twist_joy/share/teleop_twist_joy/environment/library_path.dsv
[26.045s] -- Symlinking: /source/install/teleop_twist_joy/share/ament_index/resource_index/package_run_dependencies/teleop_twist_joy
[26.067s] -- Symlinking: /source/install/teleop_twist_joy/share/ament_index/resource_index/parent_prefix_path/teleop_twist_joy
[26.086s] -- Symlinking: /source/install/teleop_twist_joy/share/teleop_twist_joy/environment/ament_prefix_path.sh
[26.107s] -- Symlinking: /source/install/teleop_twist_joy/share/teleop_twist_joy/environment/ament_prefix_path.dsv
[26.135s] -- Symlinking: /source/install/teleop_twist_joy/share/teleop_twist_joy/environment/path.sh
[26.164s] -- Symlinking: /source/install/teleop_twist_joy/share/teleop_twist_joy/environment/path.dsv
[26.191s] -- Symlinking: /source/install/teleop_twist_joy/share/teleop_twist_joy/local_setup.bash
[26.219s] -- Symlinking: /source/install/teleop_twist_joy/share/teleop_twist_joy/local_setup.sh
[26.238s] -- Symlinking: /source/install/teleop_twist_joy/share/teleop_twist_joy/local_setup.zsh
[26.270s] -- Symlinking: /source/install/teleop_twist_joy/share/teleop_twist_joy/local_setup.dsv
[26.290s] -- Symlinking: /source/install/teleop_twist_joy/share/teleop_twist_joy/package.dsv
[26.319s] -- Symlinking: /source/install/teleop_twist_joy/share/ament_index/resource_index/packages/teleop_twist_joy
[26.351s] -- Symlinking: /source/install/teleop_twist_joy/share/ament_index/resource_index/rclcpp_components/teleop_twist_joy
[26.379s] -- Symlinking: /source/install/teleop_twist_joy/share/teleop_twist_joy/cmake/ament_cmake_export_include_directories-extras.cmake
[26.407s] -- Symlinking: /source/install/teleop_twist_joy/share/teleop_twist_joy/cmake/ament_cmake_export_libraries-extras.cmake
[26.435s] -- Symlinking: /source/install/teleop_twist_joy/share/teleop_twist_joy/cmake/ament_cmake_export_targets-extras.cmake
[26.464s] -- Symlinking: /source/install/teleop_twist_joy/share/teleop_twist_joy/cmake/teleop_twist_joyConfig.cmake
[26.494s] -- Symlinking: /source/install/teleop_twist_joy/share/teleop_twist_joy/cmake/teleop_twist_joyConfig-version.cmake
[26.522s] -- Symlinking: /source/install/teleop_twist_joy/share/teleop_twist_joy/package.xml
[26.551s] -- Installing: /source/install/teleop_twist_joy/lib/libteleop_twist_joy.so
[26.570s] -- Set runtime path of "/source/install/teleop_twist_joy/lib/libteleop_twist_joy.so" to ""
[26.570s] -- Installing: /source/install/teleop_twist_joy/share/teleop_twist_joy/cmake/export_teleop_twist_joyExport.cmake
[26.570s] -- Installing: /source/install/teleop_twist_joy/share/teleop_twist_joy/cmake/export_teleop_twist_joyExport-noconfig.cmake
[26.575s] Invoked command in '/source/build/teleop_twist_joy' returned '0': CMAKE_PREFIX_PATH=/opt/ros/humble /usr/bin/cmake --install /source/build/teleop_twist_joy
