[0.767s] Invoking command in '/source/build/control1': PYTHONPATH=/source/build/control1/prefix_override:/source/install/control1/lib/python3.10/site-packages:${PYTHONPATH} /usr/bin/python3 setup.py develop --editable --build-directory /source/build/control1/build --no-deps install_data
[1.022s] running develop
[1.022s] /usr/lib/python3/dist-packages/setuptools/command/easy_install.py:158: EasyInstallDeprecationWarning: easy_install command is deprecated. Use build and pip and other standards-based tools.
[1.022s]   warnings.warn(
[1.024s] /usr/lib/python3/dist-packages/setuptools/command/install.py:34: SetuptoolsDeprecationWarning: setup.py install is deprecated. Use build and pip and other standards-based tools.
[1.024s]   warnings.warn(
[1.126s] running egg_info
[1.126s] writing control1.egg-info/PKG-INFO
[1.126s] writing dependency_links to control1.egg-info/dependency_links.txt
[1.127s] writing entry points to control1.egg-info/entry_points.txt
[1.127s] writing requirements to control1.egg-info/requires.txt
[1.127s] writing top-level names to control1.egg-info/top_level.txt
[1.129s] reading manifest file 'control1.egg-info/SOURCES.txt'
[1.129s] writing manifest file 'control1.egg-info/SOURCES.txt'
[1.131s] running build_ext
[1.131s] Creating /source/install/control1/lib/python3.10/site-packages/control1.egg-link (link to .)
[1.133s] Installing joy_node script to /source/install/control1/lib/control1
[1.133s] Installing teleop_node script to /source/install/control1/lib/control1
[1.133s] 
[1.133s] Installed /source/build/control1
[1.133s] running install_data
[1.172s] Invoked command in '/source/build/control1' returned '0': PYTHONPATH=/source/build/control1/prefix_override:/source/install/control1/lib/python3.10/site-packages:${PYTHONPATH} /usr/bin/python3 setup.py develop --editable --build-directory /source/build/control1/build --no-deps install_data
