[1.526s] DEBUG:colcon:Command line arguments: ['/usr/bin/colcon', 'build', '--symlink-install']
[1.526s] DEBUG:colcon:Parsed command line arguments: Namespace(log_base=None, log_level=None, verb_name='build', build_base='build', install_base='install', merge_install=False, symlink_install=True, test_result_base=None, continue_on_error=False, executor='parallel', parallel_workers=8, event_handlers=None, ignore_user_meta=False, metas=['./colcon.meta'], base_paths=['.'], packages_ignore=None, packages_ignore_regex=None, paths=None, packages_up_to=None, packages_up_to_regex=None, packages_above=None, packages_above_and_dependencies=None, packages_above_depth=None, packages_select_by_dep=None, packages_skip_by_dep=None, packages_skip_up_to=None, packages_select_build_failed=False, packages_skip_build_finished=False, packages_select_test_failures=False, packages_skip_test_passed=False, packages_select=None, packages_skip=None, packages_select_regex=None, packages_skip_regex=None, packages_start=None, packages_end=None, cmake_args=None, cmake_target=None, cmake_target_skip_unavailable=False, cmake_clean_cache=False, cmake_clean_first=False, cmake_force_configure=False, ament_cmake_args=None, catkin_cmake_args=None, catkin_skip_building_tests=False, mixin_files=None, mixin=None, verb_parser=<colcon_mixin.mixin.mixin_argument.MixinArgumentDecorator object at 0x72a5d8f93910>, verb_extension=<colcon_core.verb.build.BuildVerb object at 0x72a5d8fbc040>, main=<bound method BuildVerb.main of <colcon_core.verb.build.BuildVerb object at 0x72a5d8fbc040>>, mixin_verb=('build',))
[1.593s] Level 1:colcon.colcon_core.package_discovery:discover_packages(colcon_meta) check parameters
[1.593s] Level 1:colcon.colcon_core.package_discovery:discover_packages(recursive) check parameters
[1.593s] Level 1:colcon.colcon_core.package_discovery:discover_packages(ignore) check parameters
[1.593s] Level 1:colcon.colcon_core.package_discovery:discover_packages(path) check parameters
[1.593s] Level 1:colcon.colcon_core.package_discovery:discover_packages(colcon_meta) discover
[1.593s] Level 1:colcon.colcon_core.package_discovery:discover_packages(recursive) discover
[1.593s] INFO:colcon.colcon_core.package_discovery:Crawling recursively for packages in '/source'
[1.594s] Level 1:colcon.colcon_core.package_identification:_identify(.) by extensions ['ignore', 'ignore_ament_install']
[1.594s] Level 1:colcon.colcon_core.package_identification:_identify(.) by extension 'ignore'
[1.594s] Level 1:colcon.colcon_core.package_identification:_identify(.) by extension 'ignore_ament_install'
[1.594s] Level 1:colcon.colcon_core.package_identification:_identify(.) by extensions ['colcon_pkg']
[1.594s] Level 1:colcon.colcon_core.package_identification:_identify(.) by extension 'colcon_pkg'
[1.594s] Level 1:colcon.colcon_core.package_identification:_identify(.) by extensions ['colcon_meta']
[1.594s] Level 1:colcon.colcon_core.package_identification:_identify(.) by extension 'colcon_meta'
[1.594s] Level 1:colcon.colcon_core.package_identification:_identify(.) by extensions ['ros']
[1.594s] Level 1:colcon.colcon_core.package_identification:_identify(.) by extension 'ros'
[1.615s] Level 1:colcon.colcon_core.package_identification:_identify(.) by extensions ['cmake', 'python']
[1.616s] Level 1:colcon.colcon_core.package_identification:_identify(.) by extension 'cmake'
[1.616s] Level 1:colcon.colcon_core.package_identification:_identify(.) by extension 'python'
[1.616s] Level 1:colcon.colcon_core.package_identification:_identify(.) by extensions ['python_setup_py']
[1.616s] Level 1:colcon.colcon_core.package_identification:_identify(.) by extension 'python_setup_py'
[1.616s] Level 1:colcon.colcon_core.package_identification:_identify(build) by extensions ['ignore', 'ignore_ament_install']
[1.616s] Level 1:colcon.colcon_core.package_identification:_identify(build) by extension 'ignore'
[1.616s] Level 1:colcon.colcon_core.package_identification:_identify(build) ignored
[1.617s] Level 1:colcon.colcon_core.package_identification:_identify(install) by extensions ['ignore', 'ignore_ament_install']
[1.617s] Level 1:colcon.colcon_core.package_identification:_identify(install) by extension 'ignore'
[1.617s] Level 1:colcon.colcon_core.package_identification:_identify(install) ignored
[1.617s] Level 1:colcon.colcon_core.package_identification:_identify(log) by extensions ['ignore', 'ignore_ament_install']
[1.617s] Level 1:colcon.colcon_core.package_identification:_identify(log) by extension 'ignore'
[1.617s] Level 1:colcon.colcon_core.package_identification:_identify(log) ignored
[1.618s] Level 1:colcon.colcon_core.package_identification:_identify(src) by extensions ['ignore', 'ignore_ament_install']
[1.618s] Level 1:colcon.colcon_core.package_identification:_identify(src) by extension 'ignore'
[1.618s] Level 1:colcon.colcon_core.package_identification:_identify(src) by extension 'ignore_ament_install'
[1.618s] Level 1:colcon.colcon_core.package_identification:_identify(src) by extensions ['colcon_pkg']
[1.618s] Level 1:colcon.colcon_core.package_identification:_identify(src) by extension 'colcon_pkg'
[1.618s] Level 1:colcon.colcon_core.package_identification:_identify(src) by extensions ['colcon_meta']
[1.618s] Level 1:colcon.colcon_core.package_identification:_identify(src) by extension 'colcon_meta'
[1.618s] Level 1:colcon.colcon_core.package_identification:_identify(src) by extensions ['ros']
[1.618s] Level 1:colcon.colcon_core.package_identification:_identify(src) by extension 'ros'
[1.618s] Level 1:colcon.colcon_core.package_identification:_identify(src) by extensions ['cmake', 'python']
[1.618s] Level 1:colcon.colcon_core.package_identification:_identify(src) by extension 'cmake'
[1.619s] Level 1:colcon.colcon_core.package_identification:_identify(src) by extension 'python'
[1.619s] Level 1:colcon.colcon_core.package_identification:_identify(src) by extensions ['python_setup_py']
[1.619s] Level 1:colcon.colcon_core.package_identification:_identify(src) by extension 'python_setup_py'
[1.619s] Level 1:colcon.colcon_core.package_identification:_identify(src/control1) by extensions ['ignore', 'ignore_ament_install']
[1.619s] Level 1:colcon.colcon_core.package_identification:_identify(src/control1) by extension 'ignore'
[1.619s] Level 1:colcon.colcon_core.package_identification:_identify(src/control1) by extension 'ignore_ament_install'
[1.619s] Level 1:colcon.colcon_core.package_identification:_identify(src/control1) by extensions ['colcon_pkg']
[1.619s] Level 1:colcon.colcon_core.package_identification:_identify(src/control1) by extension 'colcon_pkg'
[1.620s] Level 1:colcon.colcon_core.package_identification:_identify(src/control1) by extensions ['colcon_meta']
[1.620s] Level 1:colcon.colcon_core.package_identification:_identify(src/control1) by extension 'colcon_meta'
[1.620s] Level 1:colcon.colcon_core.package_identification:_identify(src/control1) by extensions ['ros']
[1.620s] Level 1:colcon.colcon_core.package_identification:_identify(src/control1) by extension 'ros'
[1.625s] DEBUG:colcon.colcon_core.package_identification:Package 'src/control1' with type 'ros.ament_python' and name 'control1'
[1.625s] Level 1:colcon.colcon_core.package_identification:_identify(src/my_py_pkg) by extensions ['ignore', 'ignore_ament_install']
[1.625s] Level 1:colcon.colcon_core.package_identification:_identify(src/my_py_pkg) by extension 'ignore'
[1.625s] Level 1:colcon.colcon_core.package_identification:_identify(src/my_py_pkg) by extension 'ignore_ament_install'
[1.626s] Level 1:colcon.colcon_core.package_identification:_identify(src/my_py_pkg) by extensions ['colcon_pkg']
[1.626s] Level 1:colcon.colcon_core.package_identification:_identify(src/my_py_pkg) by extension 'colcon_pkg'
[1.626s] Level 1:colcon.colcon_core.package_identification:_identify(src/my_py_pkg) by extensions ['colcon_meta']
[1.626s] Level 1:colcon.colcon_core.package_identification:_identify(src/my_py_pkg) by extension 'colcon_meta'
[1.626s] Level 1:colcon.colcon_core.package_identification:_identify(src/my_py_pkg) by extensions ['ros']
[1.626s] Level 1:colcon.colcon_core.package_identification:_identify(src/my_py_pkg) by extension 'ros'
[1.626s] Level 1:colcon.colcon_core.package_identification:_identify(src/my_py_pkg) by extensions ['cmake', 'python']
[1.626s] Level 1:colcon.colcon_core.package_identification:_identify(src/my_py_pkg) by extension 'cmake'
[1.626s] Level 1:colcon.colcon_core.package_identification:_identify(src/my_py_pkg) by extension 'python'
[1.626s] Level 1:colcon.colcon_core.package_identification:_identify(src/my_py_pkg) by extensions ['python_setup_py']
[1.626s] Level 1:colcon.colcon_core.package_identification:_identify(src/my_py_pkg) by extension 'python_setup_py'
[1.627s] Level 1:colcon.colcon_core.package_identification:_identify(src/my_py_pkg/__pycache__) by extensions ['ignore', 'ignore_ament_install']
[1.627s] Level 1:colcon.colcon_core.package_identification:_identify(src/my_py_pkg/__pycache__) by extension 'ignore'
[1.627s] Level 1:colcon.colcon_core.package_identification:_identify(src/my_py_pkg/__pycache__) by extension 'ignore_ament_install'
[1.627s] Level 1:colcon.colcon_core.package_identification:_identify(src/my_py_pkg/__pycache__) by extensions ['colcon_pkg']
[1.627s] Level 1:colcon.colcon_core.package_identification:_identify(src/my_py_pkg/__pycache__) by extension 'colcon_pkg'
[1.627s] Level 1:colcon.colcon_core.package_identification:_identify(src/my_py_pkg/__pycache__) by extensions ['colcon_meta']
[1.627s] Level 1:colcon.colcon_core.package_identification:_identify(src/my_py_pkg/__pycache__) by extension 'colcon_meta'
[1.627s] Level 1:colcon.colcon_core.package_identification:_identify(src/my_py_pkg/__pycache__) by extensions ['ros']
[1.627s] Level 1:colcon.colcon_core.package_identification:_identify(src/my_py_pkg/__pycache__) by extension 'ros'
[1.628s] Level 1:colcon.colcon_core.package_identification:_identify(src/my_py_pkg/__pycache__) by extensions ['cmake', 'python']
[1.628s] Level 1:colcon.colcon_core.package_identification:_identify(src/my_py_pkg/__pycache__) by extension 'cmake'
[1.628s] Level 1:colcon.colcon_core.package_identification:_identify(src/my_py_pkg/__pycache__) by extension 'python'
[1.628s] Level 1:colcon.colcon_core.package_identification:_identify(src/my_py_pkg/__pycache__) by extensions ['python_setup_py']
[1.628s] Level 1:colcon.colcon_core.package_identification:_identify(src/my_py_pkg/__pycache__) by extension 'python_setup_py'
[1.628s] Level 1:colcon.colcon_core.package_identification:_identify(src/teleop_twist_joy) by extensions ['ignore', 'ignore_ament_install']
[1.628s] Level 1:colcon.colcon_core.package_identification:_identify(src/teleop_twist_joy) by extension 'ignore'
[1.629s] Level 1:colcon.colcon_core.package_identification:_identify(src/teleop_twist_joy) by extension 'ignore_ament_install'
[1.629s] Level 1:colcon.colcon_core.package_identification:_identify(src/teleop_twist_joy) by extensions ['colcon_pkg']
[1.629s] Level 1:colcon.colcon_core.package_identification:_identify(src/teleop_twist_joy) by extension 'colcon_pkg'
[1.629s] Level 1:colcon.colcon_core.package_identification:_identify(src/teleop_twist_joy) by extensions ['colcon_meta']
[1.629s] Level 1:colcon.colcon_core.package_identification:_identify(src/teleop_twist_joy) by extension 'colcon_meta'
[1.629s] Level 1:colcon.colcon_core.package_identification:_identify(src/teleop_twist_joy) by extensions ['ros']
[1.629s] Level 1:colcon.colcon_core.package_identification:_identify(src/teleop_twist_joy) by extension 'ros'
[1.631s] DEBUG:colcon.colcon_core.package_identification:Package 'src/teleop_twist_joy' with type 'ros.ament_cmake' and name 'teleop_twist_joy'
[1.631s] Level 1:colcon.colcon_core.package_discovery:discover_packages(recursive) using defaults
[1.631s] Level 1:colcon.colcon_core.package_discovery:discover_packages(ignore) discover
[1.631s] Level 1:colcon.colcon_core.package_discovery:discover_packages(ignore) using defaults
[1.631s] Level 1:colcon.colcon_core.package_discovery:discover_packages(path) discover
[1.631s] Level 1:colcon.colcon_core.package_discovery:discover_packages(path) using defaults
[1.740s] Level 5:colcon.colcon_core.verb:set package 'teleop_twist_joy' build argument 'cmake_args' from command line to 'None'
[1.740s] Level 5:colcon.colcon_core.verb:set package 'teleop_twist_joy' build argument 'cmake_target' from command line to 'None'
[1.740s] Level 5:colcon.colcon_core.verb:set package 'teleop_twist_joy' build argument 'cmake_target_skip_unavailable' from command line to 'False'
[1.740s] Level 5:colcon.colcon_core.verb:set package 'teleop_twist_joy' build argument 'cmake_clean_cache' from command line to 'False'
[1.740s] Level 5:colcon.colcon_core.verb:set package 'teleop_twist_joy' build argument 'cmake_clean_first' from command line to 'False'
[1.740s] Level 5:colcon.colcon_core.verb:set package 'teleop_twist_joy' build argument 'cmake_force_configure' from command line to 'False'
[1.741s] Level 5:colcon.colcon_core.verb:set package 'teleop_twist_joy' build argument 'ament_cmake_args' from command line to 'None'
[1.741s] Level 5:colcon.colcon_core.verb:set package 'teleop_twist_joy' build argument 'catkin_cmake_args' from command line to 'None'
[1.741s] Level 5:colcon.colcon_core.verb:set package 'teleop_twist_joy' build argument 'catkin_skip_building_tests' from command line to 'False'
[1.741s] DEBUG:colcon.colcon_core.verb:Building package 'teleop_twist_joy' with the following arguments: {'ament_cmake_args': None, 'build_base': '/source/build/teleop_twist_joy', 'catkin_cmake_args': None, 'catkin_skip_building_tests': False, 'cmake_args': None, 'cmake_clean_cache': False, 'cmake_clean_first': False, 'cmake_force_configure': False, 'cmake_target': None, 'cmake_target_skip_unavailable': False, 'install_base': '/source/install/teleop_twist_joy', 'merge_install': False, 'path': '/source/src/teleop_twist_joy', 'symlink_install': True, 'test_result_base': None}
[1.759s] Level 5:colcon.colcon_core.verb:set package 'control1' build argument 'cmake_args' from command line to 'None'
[1.759s] Level 5:colcon.colcon_core.verb:set package 'control1' build argument 'cmake_target' from command line to 'None'
[1.759s] Level 5:colcon.colcon_core.verb:set package 'control1' build argument 'cmake_target_skip_unavailable' from command line to 'False'
[1.759s] Level 5:colcon.colcon_core.verb:set package 'control1' build argument 'cmake_clean_cache' from command line to 'False'
[1.759s] Level 5:colcon.colcon_core.verb:set package 'control1' build argument 'cmake_clean_first' from command line to 'False'
[1.759s] Level 5:colcon.colcon_core.verb:set package 'control1' build argument 'cmake_force_configure' from command line to 'False'
[1.759s] Level 5:colcon.colcon_core.verb:set package 'control1' build argument 'ament_cmake_args' from command line to 'None'
[1.759s] Level 5:colcon.colcon_core.verb:set package 'control1' build argument 'catkin_cmake_args' from command line to 'None'
[1.759s] Level 5:colcon.colcon_core.verb:set package 'control1' build argument 'catkin_skip_building_tests' from command line to 'False'
[1.759s] DEBUG:colcon.colcon_core.verb:Building package 'control1' with the following arguments: {'ament_cmake_args': None, 'build_base': '/source/build/control1', 'catkin_cmake_args': None, 'catkin_skip_building_tests': False, 'cmake_args': None, 'cmake_clean_cache': False, 'cmake_clean_first': False, 'cmake_force_configure': False, 'cmake_target': None, 'cmake_target_skip_unavailable': False, 'install_base': '/source/install/control1', 'merge_install': False, 'path': '/source/src/control1', 'symlink_install': True, 'test_result_base': None}
[1.776s] INFO:colcon.colcon_core.executor:Executing jobs using 'parallel' executor
[1.796s] DEBUG:colcon.colcon_parallel_executor.executor.parallel:run_until_complete
[1.797s] INFO:colcon.colcon_ros.task.ament_cmake.build:Building ROS package in '/source/src/teleop_twist_joy' with build type 'ament_cmake'
[1.797s] INFO:colcon.colcon_cmake.task.cmake.build:Building CMake package in '/source/src/teleop_twist_joy'
[1.820s] INFO:colcon.colcon_core.plugin_system:Skipping extension 'colcon_core.shell.bat': Not used on non-Windows systems
[1.821s] INFO:colcon.colcon_core.shell:Skip shell extension 'powershell' for command environment: Not usable outside of PowerShell
[1.821s] DEBUG:colcon.colcon_core.shell:Skip shell extension 'dsv' for command environment
[1.880s] DEBUG:colcon.colcon_core.event_handler.log_command:Invoking command in '/source/build/teleop_twist_joy': CMAKE_PREFIX_PATH=/opt/ros/humble /usr/bin/cmake /source/src/teleop_twist_joy -DAMENT_CMAKE_SYMLINK_INSTALL=1 -DCMAKE_INSTALL_PREFIX=/source/install/teleop_twist_joy
[5.796s] DEBUG:colcon.colcon_core.event_handler.log_command:Invoked command in '/source/build/teleop_twist_joy' returned '0': CMAKE_PREFIX_PATH=/opt/ros/humble /usr/bin/cmake /source/src/teleop_twist_joy -DAMENT_CMAKE_SYMLINK_INSTALL=1 -DCMAKE_INSTALL_PREFIX=/source/install/teleop_twist_joy
[5.797s] DEBUG:colcon.colcon_core.event_handler.log_command:Invoking command in '/source/build/teleop_twist_joy': CMAKE_PREFIX_PATH=/opt/ros/humble /usr/bin/cmake --build /source/build/teleop_twist_joy -- -j8 -l8
[27.484s] DEBUG:colcon.colcon_core.event_handler.log_command:Invoked command in '/source/build/teleop_twist_joy' returned '0': CMAKE_PREFIX_PATH=/opt/ros/humble /usr/bin/cmake --build /source/build/teleop_twist_joy -- -j8 -l8
[27.591s] DEBUG:colcon.colcon_core.event_handler.log_command:Invoking command in '/source/build/teleop_twist_joy': CMAKE_PREFIX_PATH=/opt/ros/humble /usr/bin/cmake --install /source/build/teleop_twist_joy
[28.372s] Level 1:colcon.colcon_core.environment:create_environment_scripts_only(teleop_twist_joy)
[28.373s] DEBUG:colcon.colcon_core.event_handler.log_command:Invoked command in '/source/build/teleop_twist_joy' returned '0': CMAKE_PREFIX_PATH=/opt/ros/humble /usr/bin/cmake --install /source/build/teleop_twist_joy
[28.396s] Level 1:colcon.colcon_core.environment:checking '/source/install/teleop_twist_joy' for CMake module files
[28.397s] Level 1:colcon.colcon_core.environment:checking '/source/install/teleop_twist_joy' for CMake config files
[28.399s] Level 1:colcon.colcon_core.shell:create_environment_hook('teleop_twist_joy', 'cmake_prefix_path')
[28.417s] INFO:colcon.colcon_core.shell:Creating environment hook '/source/install/teleop_twist_joy/share/teleop_twist_joy/hook/cmake_prefix_path.ps1'
[28.419s] INFO:colcon.colcon_core.shell:Creating environment descriptor '/source/install/teleop_twist_joy/share/teleop_twist_joy/hook/cmake_prefix_path.dsv'
[28.420s] INFO:colcon.colcon_core.shell:Creating environment hook '/source/install/teleop_twist_joy/share/teleop_twist_joy/hook/cmake_prefix_path.sh'
[28.421s] Level 1:colcon.colcon_core.environment:checking '/source/install/teleop_twist_joy/lib'
[28.422s] Level 1:colcon.colcon_core.shell:create_environment_hook('teleop_twist_joy', 'ld_library_path_lib')
[28.443s] INFO:colcon.colcon_core.shell:Creating environment hook '/source/install/teleop_twist_joy/share/teleop_twist_joy/hook/ld_library_path_lib.ps1'
[28.443s] INFO:colcon.colcon_core.shell:Creating environment descriptor '/source/install/teleop_twist_joy/share/teleop_twist_joy/hook/ld_library_path_lib.dsv'
[28.444s] INFO:colcon.colcon_core.shell:Creating environment hook '/source/install/teleop_twist_joy/share/teleop_twist_joy/hook/ld_library_path_lib.sh'
[28.445s] Level 1:colcon.colcon_core.environment:checking '/source/install/teleop_twist_joy/bin'
[28.445s] Level 1:colcon.colcon_core.environment:checking '/source/install/teleop_twist_joy/lib/pkgconfig/teleop_twist_joy.pc'
[28.448s] Level 1:colcon.colcon_core.environment:checking '/source/install/teleop_twist_joy/lib/python3.10/site-packages'
[28.449s] Level 1:colcon.colcon_core.environment:checking '/source/install/teleop_twist_joy/bin'
[28.468s] INFO:colcon.colcon_core.shell:Creating package script '/source/install/teleop_twist_joy/share/teleop_twist_joy/package.ps1'
[28.469s] INFO:colcon.colcon_core.shell:Creating package descriptor '/source/install/teleop_twist_joy/share/teleop_twist_joy/package.dsv'
[28.470s] INFO:colcon.colcon_core.shell:Creating package script '/source/install/teleop_twist_joy/share/teleop_twist_joy/package.sh'
[28.472s] INFO:colcon.colcon_core.shell:Creating package script '/source/install/teleop_twist_joy/share/teleop_twist_joy/package.bash'
[28.473s] INFO:colcon.colcon_core.shell:Creating package script '/source/install/teleop_twist_joy/share/teleop_twist_joy/package.zsh'
[28.475s] Level 1:colcon.colcon_core.environment:create_file_with_runtime_dependencies(/source/install/teleop_twist_joy/share/colcon-core/packages/teleop_twist_joy)
[28.568s] Level 1:colcon.colcon_core.environment:create_environment_scripts_only(teleop_twist_joy)
[28.586s] Level 1:colcon.colcon_core.environment:checking '/source/install/teleop_twist_joy' for CMake module files
[28.588s] Level 1:colcon.colcon_core.environment:checking '/source/install/teleop_twist_joy' for CMake config files
[28.589s] Level 1:colcon.colcon_core.shell:create_environment_hook('teleop_twist_joy', 'cmake_prefix_path')
[28.607s] INFO:colcon.colcon_core.shell:Creating environment hook '/source/install/teleop_twist_joy/share/teleop_twist_joy/hook/cmake_prefix_path.ps1'
[28.608s] INFO:colcon.colcon_core.shell:Creating environment descriptor '/source/install/teleop_twist_joy/share/teleop_twist_joy/hook/cmake_prefix_path.dsv'
[28.608s] INFO:colcon.colcon_core.shell:Creating environment hook '/source/install/teleop_twist_joy/share/teleop_twist_joy/hook/cmake_prefix_path.sh'
[28.609s] Level 1:colcon.colcon_core.environment:checking '/source/install/teleop_twist_joy/lib'
[28.609s] Level 1:colcon.colcon_core.shell:create_environment_hook('teleop_twist_joy', 'ld_library_path_lib')
[28.625s] INFO:colcon.colcon_core.shell:Creating environment hook '/source/install/teleop_twist_joy/share/teleop_twist_joy/hook/ld_library_path_lib.ps1'
[28.626s] INFO:colcon.colcon_core.shell:Creating environment descriptor '/source/install/teleop_twist_joy/share/teleop_twist_joy/hook/ld_library_path_lib.dsv'
[28.627s] INFO:colcon.colcon_core.shell:Creating environment hook '/source/install/teleop_twist_joy/share/teleop_twist_joy/hook/ld_library_path_lib.sh'
[28.627s] Level 1:colcon.colcon_core.environment:checking '/source/install/teleop_twist_joy/bin'
[28.627s] Level 1:colcon.colcon_core.environment:checking '/source/install/teleop_twist_joy/lib/pkgconfig/teleop_twist_joy.pc'
[28.628s] Level 1:colcon.colcon_core.environment:checking '/source/install/teleop_twist_joy/lib/python3.10/site-packages'
[28.628s] Level 1:colcon.colcon_core.environment:checking '/source/install/teleop_twist_joy/bin'
[28.648s] INFO:colcon.colcon_core.shell:Creating package script '/source/install/teleop_twist_joy/share/teleop_twist_joy/package.ps1'
[28.649s] INFO:colcon.colcon_core.shell:Creating package descriptor '/source/install/teleop_twist_joy/share/teleop_twist_joy/package.dsv'
[28.650s] INFO:colcon.colcon_core.shell:Creating package script '/source/install/teleop_twist_joy/share/teleop_twist_joy/package.sh'
[28.650s] INFO:colcon.colcon_core.shell:Creating package script '/source/install/teleop_twist_joy/share/teleop_twist_joy/package.bash'
[28.651s] INFO:colcon.colcon_core.shell:Creating package script '/source/install/teleop_twist_joy/share/teleop_twist_joy/package.zsh'
[28.652s] Level 1:colcon.colcon_core.environment:create_file_with_runtime_dependencies(/source/install/teleop_twist_joy/share/colcon-core/packages/teleop_twist_joy)
[28.652s] INFO:colcon.colcon_ros.task.ament_python.build:Building ROS package in '/source/src/control1' with build type 'ament_python'
[28.652s] Level 1:colcon.colcon_core.shell:create_environment_hook('control1', 'ament_prefix_path')
[28.673s] INFO:colcon.colcon_core.shell:Creating environment hook '/source/install/control1/share/control1/hook/ament_prefix_path.ps1'
[28.674s] INFO:colcon.colcon_core.shell:Creating environment descriptor '/source/install/control1/share/control1/hook/ament_prefix_path.dsv'
[28.675s] INFO:colcon.colcon_core.shell:Creating environment hook '/source/install/control1/share/control1/hook/ament_prefix_path.sh'
[28.699s] INFO:colcon.colcon_core.shell:Skip shell extension 'powershell' for command environment: Not usable outside of PowerShell
[28.700s] DEBUG:colcon.colcon_core.shell:Skip shell extension 'dsv' for command environment
[29.191s] INFO:colcon.colcon_core.task.python.build:Building Python package in '/source/src/control1'
[29.209s] INFO:colcon.colcon_core.shell:Skip shell extension 'powershell' for command environment: Not usable outside of PowerShell
[29.209s] DEBUG:colcon.colcon_core.shell:Skip shell extension 'dsv' for command environment
[29.800s] DEBUG:colcon.colcon_core.event_handler.log_command:Invoking command in '/source/build/control1': AMENT_PREFIX_PATH=/source/install/teleop_twist_joy:${AMENT_PREFIX_PATH} CMAKE_PREFIX_PATH=/source/install/teleop_twist_joy LD_LIBRARY_PATH=/source/install/teleop_twist_joy/lib:${LD_LIBRARY_PATH} PYTHONPATH=/source/build/control1/prefix_override:/source/install/control1/lib/python3.10/site-packages:${PYTHONPATH} /usr/bin/python3 setup.py develop --editable --build-directory /source/build/control1/build --no-deps install_data
[30.417s] Level 1:colcon.colcon_core.shell:create_environment_hook('control1', 'pythonpath_develop')
[30.418s] DEBUG:colcon.colcon_core.event_handler.log_command:Invoked command in '/source/build/control1' returned '0': AMENT_PREFIX_PATH=/source/install/teleop_twist_joy:${AMENT_PREFIX_PATH} CMAKE_PREFIX_PATH=/source/install/teleop_twist_joy LD_LIBRARY_PATH=/source/install/teleop_twist_joy/lib:${LD_LIBRARY_PATH} PYTHONPATH=/source/build/control1/prefix_override:/source/install/control1/lib/python3.10/site-packages:${PYTHONPATH} /usr/bin/python3 setup.py develop --editable --build-directory /source/build/control1/build --no-deps install_data
[30.453s] INFO:colcon.colcon_core.shell:Creating environment hook '/source/build/control1/share/control1/hook/pythonpath_develop.ps1'
[30.455s] INFO:colcon.colcon_core.shell:Creating environment descriptor '/source/build/control1/share/control1/hook/pythonpath_develop.dsv'
[30.456s] INFO:colcon.colcon_core.shell:Creating environment hook '/source/build/control1/share/control1/hook/pythonpath_develop.sh'
[30.477s] Level 1:colcon.colcon_core.environment:checking '/source/install/control1' for CMake module files
[30.477s] Level 1:colcon.colcon_core.environment:checking '/source/install/control1' for CMake config files
[30.479s] Level 1:colcon.colcon_core.environment:checking '/source/install/control1/lib'
[30.479s] Level 1:colcon.colcon_core.environment:checking '/source/install/control1/bin'
[30.479s] Level 1:colcon.colcon_core.environment:checking '/source/install/control1/lib/pkgconfig/control1.pc'
[30.479s] Level 1:colcon.colcon_core.environment:checking '/source/install/control1/lib/python3.10/site-packages'
[30.479s] Level 1:colcon.colcon_core.shell:create_environment_hook('control1', 'pythonpath')
[30.498s] INFO:colcon.colcon_core.shell:Creating environment hook '/source/install/control1/share/control1/hook/pythonpath.ps1'
[30.499s] INFO:colcon.colcon_core.shell:Creating environment descriptor '/source/install/control1/share/control1/hook/pythonpath.dsv'
[30.499s] INFO:colcon.colcon_core.shell:Creating environment hook '/source/install/control1/share/control1/hook/pythonpath.sh'
[30.500s] Level 1:colcon.colcon_core.environment:checking '/source/install/control1/bin'
[30.500s] Level 1:colcon.colcon_core.environment:create_environment_scripts_only(control1)
[30.520s] INFO:colcon.colcon_core.shell:Creating package script '/source/install/control1/share/control1/package.ps1'
[30.520s] INFO:colcon.colcon_core.shell:Creating package descriptor '/source/install/control1/share/control1/package.dsv'
[30.521s] INFO:colcon.colcon_core.shell:Creating package script '/source/install/control1/share/control1/package.sh'
[30.522s] INFO:colcon.colcon_core.shell:Creating package script '/source/install/control1/share/control1/package.bash'
[30.522s] INFO:colcon.colcon_core.shell:Creating package script '/source/install/control1/share/control1/package.zsh'
[30.523s] Level 1:colcon.colcon_core.environment:create_file_with_runtime_dependencies(/source/install/control1/share/colcon-core/packages/control1)
[30.523s] DEBUG:colcon.colcon_parallel_executor.executor.parallel:closing loop
[30.524s] DEBUG:colcon.colcon_parallel_executor.executor.parallel:loop closed
[30.524s] DEBUG:colcon.colcon_parallel_executor.executor.parallel:run_until_complete finished with '0'
[30.524s] DEBUG:colcon.colcon_core.event_reactor:joining thread
[30.576s] INFO:colcon.colcon_core.plugin_system:Skipping extension 'colcon_notification.desktop_notification.notify_send': Could not find 'notify-send'
[30.577s] INFO:colcon.colcon_core.plugin_system:Skipping extension 'colcon_notification.desktop_notification.terminal_notifier': Not used on non-Darwin systems
[30.577s] INFO:colcon.colcon_core.plugin_system:Skipping extension 'colcon_notification.desktop_notification.win32': Not used on non-Windows systems
[30.577s] INFO:colcon.colcon_notification.desktop_notification:Sending desktop notification using 'notify2'
[30.577s] DEBUG:colcon.colcon_notification.desktop_notification.notify2:Failed to initialize notify2: org.freedesktop.DBus.Error.NotSupported: Unable to autolaunch a dbus-daemon without a $DISPLAY for X11
[30.577s] DEBUG:colcon.colcon_core.event_reactor:joined thread
[30.597s] INFO:colcon.colcon_core.shell:Creating prefix script '/source/install/local_setup.ps1'
[30.599s] INFO:colcon.colcon_core.shell:Creating prefix util module '/source/install/_local_setup_util_ps1.py'
[30.601s] INFO:colcon.colcon_core.shell:Creating prefix chain script '/source/install/setup.ps1'
[30.618s] INFO:colcon.colcon_core.shell:Creating prefix script '/source/install/local_setup.sh'
[30.619s] INFO:colcon.colcon_core.shell:Creating prefix util module '/source/install/_local_setup_util_sh.py'
[30.620s] INFO:colcon.colcon_core.shell:Creating prefix chain script '/source/install/setup.sh'
[30.637s] INFO:colcon.colcon_core.shell:Creating prefix script '/source/install/local_setup.bash'
[30.638s] INFO:colcon.colcon_core.shell:Creating prefix chain script '/source/install/setup.bash'
[30.659s] INFO:colcon.colcon_core.shell:Creating prefix script '/source/install/local_setup.zsh'
[30.660s] INFO:colcon.colcon_core.shell:Creating prefix chain script '/source/install/setup.zsh'
