[1.465s] DEBUG:colcon:Command line arguments: ['/usr/bin/colcon', 'build', '--symlink-install']
[1.465s] DEBUG:colcon:Parsed command line arguments: Namespace(log_base=None, log_level=None, verb_name='build', build_base='build', install_base='install', merge_install=False, symlink_install=True, test_result_base=None, continue_on_error=False, executor='parallel', parallel_workers=8, event_handlers=None, ignore_user_meta=False, metas=['./colcon.meta'], base_paths=['.'], packages_ignore=None, packages_ignore_regex=None, paths=None, packages_up_to=None, packages_up_to_regex=None, packages_above=None, packages_above_and_dependencies=None, packages_above_depth=None, packages_select_by_dep=None, packages_skip_by_dep=None, packages_skip_up_to=None, packages_select_build_failed=False, packages_skip_build_finished=False, packages_select_test_failures=False, packages_skip_test_passed=False, packages_select=None, packages_skip=None, packages_select_regex=None, packages_skip_regex=None, packages_start=None, packages_end=None, cmake_args=None, cmake_target=None, cmake_target_skip_unavailable=False, cmake_clean_cache=False, cmake_clean_first=False, cmake_force_configure=False, ament_cmake_args=None, catkin_cmake_args=None, catkin_skip_building_tests=False, mixin_files=None, mixin=None, verb_parser=<colcon_mixin.mixin.mixin_argument.MixinArgumentDecorator object at 0x75c53b857910>, verb_extension=<colcon_core.verb.build.BuildVerb object at 0x75c53b8843d0>, main=<bound method BuildVerb.main of <colcon_core.verb.build.BuildVerb object at 0x75c53b8843d0>>, mixin_verb=('build',))
[1.537s] Level 1:colcon.colcon_core.package_discovery:discover_packages(colcon_meta) check parameters
[1.538s] Level 1:colcon.colcon_core.package_discovery:discover_packages(recursive) check parameters
[1.538s] Level 1:colcon.colcon_core.package_discovery:discover_packages(ignore) check parameters
[1.538s] Level 1:colcon.colcon_core.package_discovery:discover_packages(path) check parameters
[1.538s] Level 1:colcon.colcon_core.package_discovery:discover_packages(colcon_meta) discover
[1.538s] Level 1:colcon.colcon_core.package_discovery:discover_packages(recursive) discover
[1.538s] INFO:colcon.colcon_core.package_discovery:Crawling recursively for packages in '/source'
[1.538s] Level 1:colcon.colcon_core.package_identification:_identify(.) by extensions ['ignore', 'ignore_ament_install']
[1.539s] Level 1:colcon.colcon_core.package_identification:_identify(.) by extension 'ignore'
[1.539s] Level 1:colcon.colcon_core.package_identification:_identify(.) by extension 'ignore_ament_install'
[1.539s] Level 1:colcon.colcon_core.package_identification:_identify(.) by extensions ['colcon_pkg']
[1.539s] Level 1:colcon.colcon_core.package_identification:_identify(.) by extension 'colcon_pkg'
[1.539s] Level 1:colcon.colcon_core.package_identification:_identify(.) by extensions ['colcon_meta']
[1.539s] Level 1:colcon.colcon_core.package_identification:_identify(.) by extension 'colcon_meta'
[1.539s] Level 1:colcon.colcon_core.package_identification:_identify(.) by extensions ['ros']
[1.539s] Level 1:colcon.colcon_core.package_identification:_identify(.) by extension 'ros'
[1.561s] Level 1:colcon.colcon_core.package_identification:_identify(.) by extensions ['cmake', 'python']
[1.561s] Level 1:colcon.colcon_core.package_identification:_identify(.) by extension 'cmake'
[1.562s] Level 1:colcon.colcon_core.package_identification:_identify(.) by extension 'python'
[1.562s] Level 1:colcon.colcon_core.package_identification:_identify(.) by extensions ['python_setup_py']
[1.562s] Level 1:colcon.colcon_core.package_identification:_identify(.) by extension 'python_setup_py'
[1.562s] Level 1:colcon.colcon_core.package_identification:_identify(build) by extensions ['ignore', 'ignore_ament_install']
[1.562s] Level 1:colcon.colcon_core.package_identification:_identify(build) by extension 'ignore'
[1.562s] Level 1:colcon.colcon_core.package_identification:_identify(build) ignored
[1.563s] Level 1:colcon.colcon_core.package_identification:_identify(install) by extensions ['ignore', 'ignore_ament_install']
[1.563s] Level 1:colcon.colcon_core.package_identification:_identify(install) by extension 'ignore'
[1.563s] Level 1:colcon.colcon_core.package_identification:_identify(install) ignored
[1.563s] Level 1:colcon.colcon_core.package_identification:_identify(log) by extensions ['ignore', 'ignore_ament_install']
[1.563s] Level 1:colcon.colcon_core.package_identification:_identify(log) by extension 'ignore'
[1.563s] Level 1:colcon.colcon_core.package_identification:_identify(log) ignored
[1.564s] Level 1:colcon.colcon_core.package_identification:_identify(src) by extensions ['ignore', 'ignore_ament_install']
[1.564s] Level 1:colcon.colcon_core.package_identification:_identify(src) by extension 'ignore'
[1.564s] Level 1:colcon.colcon_core.package_identification:_identify(src) by extension 'ignore_ament_install'
[1.564s] Level 1:colcon.colcon_core.package_identification:_identify(src) by extensions ['colcon_pkg']
[1.564s] Level 1:colcon.colcon_core.package_identification:_identify(src) by extension 'colcon_pkg'
[1.564s] Level 1:colcon.colcon_core.package_identification:_identify(src) by extensions ['colcon_meta']
[1.564s] Level 1:colcon.colcon_core.package_identification:_identify(src) by extension 'colcon_meta'
[1.565s] Level 1:colcon.colcon_core.package_identification:_identify(src) by extensions ['ros']
[1.565s] Level 1:colcon.colcon_core.package_identification:_identify(src) by extension 'ros'
[1.565s] Level 1:colcon.colcon_core.package_identification:_identify(src) by extensions ['cmake', 'python']
[1.565s] Level 1:colcon.colcon_core.package_identification:_identify(src) by extension 'cmake'
[1.565s] Level 1:colcon.colcon_core.package_identification:_identify(src) by extension 'python'
[1.565s] Level 1:colcon.colcon_core.package_identification:_identify(src) by extensions ['python_setup_py']
[1.565s] Level 1:colcon.colcon_core.package_identification:_identify(src) by extension 'python_setup_py'
[1.565s] Level 1:colcon.colcon_core.package_identification:_identify(src/control1) by extensions ['ignore', 'ignore_ament_install']
[1.566s] Level 1:colcon.colcon_core.package_identification:_identify(src/control1) by extension 'ignore'
[1.566s] Level 1:colcon.colcon_core.package_identification:_identify(src/control1) by extension 'ignore_ament_install'
[1.566s] Level 1:colcon.colcon_core.package_identification:_identify(src/control1) by extensions ['colcon_pkg']
[1.566s] Level 1:colcon.colcon_core.package_identification:_identify(src/control1) by extension 'colcon_pkg'
[1.566s] Level 1:colcon.colcon_core.package_identification:_identify(src/control1) by extensions ['colcon_meta']
[1.566s] Level 1:colcon.colcon_core.package_identification:_identify(src/control1) by extension 'colcon_meta'
[1.566s] Level 1:colcon.colcon_core.package_identification:_identify(src/control1) by extensions ['ros']
[1.566s] Level 1:colcon.colcon_core.package_identification:_identify(src/control1) by extension 'ros'
[1.571s] DEBUG:colcon.colcon_core.package_identification:Package 'src/control1' with type 'ros.ament_python' and name 'control1'
[1.571s] Level 1:colcon.colcon_core.package_identification:_identify(src/my_py_pkg) by extensions ['ignore', 'ignore_ament_install']
[1.571s] Level 1:colcon.colcon_core.package_identification:_identify(src/my_py_pkg) by extension 'ignore'
[1.572s] Level 1:colcon.colcon_core.package_identification:_identify(src/my_py_pkg) by extension 'ignore_ament_install'
[1.572s] Level 1:colcon.colcon_core.package_identification:_identify(src/my_py_pkg) by extensions ['colcon_pkg']
[1.572s] Level 1:colcon.colcon_core.package_identification:_identify(src/my_py_pkg) by extension 'colcon_pkg'
[1.572s] Level 1:colcon.colcon_core.package_identification:_identify(src/my_py_pkg) by extensions ['colcon_meta']
[1.572s] Level 1:colcon.colcon_core.package_identification:_identify(src/my_py_pkg) by extension 'colcon_meta'
[1.572s] Level 1:colcon.colcon_core.package_identification:_identify(src/my_py_pkg) by extensions ['ros']
[1.572s] Level 1:colcon.colcon_core.package_identification:_identify(src/my_py_pkg) by extension 'ros'
[1.572s] Level 1:colcon.colcon_core.package_identification:_identify(src/my_py_pkg) by extensions ['cmake', 'python']
[1.573s] Level 1:colcon.colcon_core.package_identification:_identify(src/my_py_pkg) by extension 'cmake'
[1.573s] Level 1:colcon.colcon_core.package_identification:_identify(src/my_py_pkg) by extension 'python'
[1.573s] Level 1:colcon.colcon_core.package_identification:_identify(src/my_py_pkg) by extensions ['python_setup_py']
[1.573s] Level 1:colcon.colcon_core.package_identification:_identify(src/my_py_pkg) by extension 'python_setup_py'
[1.573s] Level 1:colcon.colcon_core.package_identification:_identify(src/my_py_pkg/__pycache__) by extensions ['ignore', 'ignore_ament_install']
[1.573s] Level 1:colcon.colcon_core.package_identification:_identify(src/my_py_pkg/__pycache__) by extension 'ignore'
[1.573s] Level 1:colcon.colcon_core.package_identification:_identify(src/my_py_pkg/__pycache__) by extension 'ignore_ament_install'
[1.574s] Level 1:colcon.colcon_core.package_identification:_identify(src/my_py_pkg/__pycache__) by extensions ['colcon_pkg']
[1.574s] Level 1:colcon.colcon_core.package_identification:_identify(src/my_py_pkg/__pycache__) by extension 'colcon_pkg'
[1.574s] Level 1:colcon.colcon_core.package_identification:_identify(src/my_py_pkg/__pycache__) by extensions ['colcon_meta']
[1.574s] Level 1:colcon.colcon_core.package_identification:_identify(src/my_py_pkg/__pycache__) by extension 'colcon_meta'
[1.574s] Level 1:colcon.colcon_core.package_identification:_identify(src/my_py_pkg/__pycache__) by extensions ['ros']
[1.574s] Level 1:colcon.colcon_core.package_identification:_identify(src/my_py_pkg/__pycache__) by extension 'ros'
[1.574s] Level 1:colcon.colcon_core.package_identification:_identify(src/my_py_pkg/__pycache__) by extensions ['cmake', 'python']
[1.574s] Level 1:colcon.colcon_core.package_identification:_identify(src/my_py_pkg/__pycache__) by extension 'cmake'
[1.574s] Level 1:colcon.colcon_core.package_identification:_identify(src/my_py_pkg/__pycache__) by extension 'python'
[1.574s] Level 1:colcon.colcon_core.package_identification:_identify(src/my_py_pkg/__pycache__) by extensions ['python_setup_py']
[1.575s] Level 1:colcon.colcon_core.package_identification:_identify(src/my_py_pkg/__pycache__) by extension 'python_setup_py'
[1.575s] Level 1:colcon.colcon_core.package_discovery:discover_packages(recursive) using defaults
[1.575s] Level 1:colcon.colcon_core.package_discovery:discover_packages(ignore) discover
[1.575s] Level 1:colcon.colcon_core.package_discovery:discover_packages(ignore) using defaults
[1.575s] Level 1:colcon.colcon_core.package_discovery:discover_packages(path) discover
[1.575s] Level 1:colcon.colcon_core.package_discovery:discover_packages(path) using defaults
[1.672s] Level 5:colcon.colcon_core.verb:set package 'control1' build argument 'cmake_args' from command line to 'None'
[1.672s] Level 5:colcon.colcon_core.verb:set package 'control1' build argument 'cmake_target' from command line to 'None'
[1.672s] Level 5:colcon.colcon_core.verb:set package 'control1' build argument 'cmake_target_skip_unavailable' from command line to 'False'
[1.673s] Level 5:colcon.colcon_core.verb:set package 'control1' build argument 'cmake_clean_cache' from command line to 'False'
[1.673s] Level 5:colcon.colcon_core.verb:set package 'control1' build argument 'cmake_clean_first' from command line to 'False'
[1.673s] Level 5:colcon.colcon_core.verb:set package 'control1' build argument 'cmake_force_configure' from command line to 'False'
[1.673s] Level 5:colcon.colcon_core.verb:set package 'control1' build argument 'ament_cmake_args' from command line to 'None'
[1.673s] Level 5:colcon.colcon_core.verb:set package 'control1' build argument 'catkin_cmake_args' from command line to 'None'
[1.673s] Level 5:colcon.colcon_core.verb:set package 'control1' build argument 'catkin_skip_building_tests' from command line to 'False'
[1.673s] DEBUG:colcon.colcon_core.verb:Building package 'control1' with the following arguments: {'ament_cmake_args': None, 'build_base': '/source/build/control1', 'catkin_cmake_args': None, 'catkin_skip_building_tests': False, 'cmake_args': None, 'cmake_clean_cache': False, 'cmake_clean_first': False, 'cmake_force_configure': False, 'cmake_target': None, 'cmake_target_skip_unavailable': False, 'install_base': '/source/install/control1', 'merge_install': False, 'path': '/source/src/control1', 'symlink_install': True, 'test_result_base': None}
[1.689s] INFO:colcon.colcon_core.executor:Executing jobs using 'parallel' executor
[1.706s] DEBUG:colcon.colcon_parallel_executor.executor.parallel:run_until_complete
[1.707s] INFO:colcon.colcon_ros.task.ament_python.build:Building ROS package in '/source/src/control1' with build type 'ament_python'
[1.707s] Level 1:colcon.colcon_core.shell:create_environment_hook('control1', 'ament_prefix_path')
[1.738s] INFO:colcon.colcon_core.plugin_system:Skipping extension 'colcon_core.shell.bat': Not used on non-Windows systems
[1.739s] INFO:colcon.colcon_core.shell:Creating environment hook '/source/install/control1/share/control1/hook/ament_prefix_path.ps1'
[1.740s] INFO:colcon.colcon_core.shell:Creating environment descriptor '/source/install/control1/share/control1/hook/ament_prefix_path.dsv'
[1.741s] INFO:colcon.colcon_core.shell:Creating environment hook '/source/install/control1/share/control1/hook/ament_prefix_path.sh'
[1.763s] INFO:colcon.colcon_core.shell:Skip shell extension 'powershell' for command environment: Not usable outside of PowerShell
[1.764s] DEBUG:colcon.colcon_core.shell:Skip shell extension 'dsv' for command environment
[2.240s] INFO:colcon.colcon_core.task.python.build:Building Python package in '/source/src/control1'
[2.271s] INFO:colcon.colcon_core.shell:Skip shell extension 'powershell' for command environment: Not usable outside of PowerShell
[2.272s] DEBUG:colcon.colcon_core.shell:Skip shell extension 'dsv' for command environment
[2.810s] DEBUG:colcon.colcon_core.event_handler.log_command:Invoking command in '/source/build/control1': PYTHONPATH=/source/build/control1/prefix_override:/source/install/control1/lib/python3.10/site-packages:${PYTHONPATH} /usr/bin/python3 setup.py develop --editable --build-directory /source/build/control1/build --no-deps install_data
[3.419s] Level 1:colcon.colcon_core.shell:create_environment_hook('control1', 'pythonpath_develop')
[3.420s] DEBUG:colcon.colcon_core.event_handler.log_command:Invoked command in '/source/build/control1' returned '0': PYTHONPATH=/source/build/control1/prefix_override:/source/install/control1/lib/python3.10/site-packages:${PYTHONPATH} /usr/bin/python3 setup.py develop --editable --build-directory /source/build/control1/build --no-deps install_data
[3.445s] INFO:colcon.colcon_core.shell:Creating environment hook '/source/build/control1/share/control1/hook/pythonpath_develop.ps1'
[3.447s] INFO:colcon.colcon_core.shell:Creating environment descriptor '/source/build/control1/share/control1/hook/pythonpath_develop.dsv'
[3.447s] INFO:colcon.colcon_core.shell:Creating environment hook '/source/build/control1/share/control1/hook/pythonpath_develop.sh'
[3.473s] Level 1:colcon.colcon_core.environment:checking '/source/install/control1' for CMake module files
[3.473s] Level 1:colcon.colcon_core.environment:checking '/source/install/control1' for CMake config files
[3.475s] Level 1:colcon.colcon_core.environment:checking '/source/install/control1/lib'
[3.475s] Level 1:colcon.colcon_core.environment:checking '/source/install/control1/bin'
[3.475s] Level 1:colcon.colcon_core.environment:checking '/source/install/control1/lib/pkgconfig/control1.pc'
[3.476s] Level 1:colcon.colcon_core.environment:checking '/source/install/control1/lib/python3.10/site-packages'
[3.476s] Level 1:colcon.colcon_core.shell:create_environment_hook('control1', 'pythonpath')
[3.494s] INFO:colcon.colcon_core.shell:Creating environment hook '/source/install/control1/share/control1/hook/pythonpath.ps1'
[3.495s] INFO:colcon.colcon_core.shell:Creating environment descriptor '/source/install/control1/share/control1/hook/pythonpath.dsv'
[3.496s] INFO:colcon.colcon_core.shell:Creating environment hook '/source/install/control1/share/control1/hook/pythonpath.sh'
[3.497s] Level 1:colcon.colcon_core.environment:checking '/source/install/control1/bin'
[3.497s] Level 1:colcon.colcon_core.environment:create_environment_scripts_only(control1)
[3.515s] INFO:colcon.colcon_core.shell:Creating package script '/source/install/control1/share/control1/package.ps1'
[3.517s] INFO:colcon.colcon_core.shell:Creating package descriptor '/source/install/control1/share/control1/package.dsv'
[3.518s] INFO:colcon.colcon_core.shell:Creating package script '/source/install/control1/share/control1/package.sh'
[3.519s] INFO:colcon.colcon_core.shell:Creating package script '/source/install/control1/share/control1/package.bash'
[3.521s] INFO:colcon.colcon_core.shell:Creating package script '/source/install/control1/share/control1/package.zsh'
[3.522s] Level 1:colcon.colcon_core.environment:create_file_with_runtime_dependencies(/source/install/control1/share/colcon-core/packages/control1)
[3.523s] DEBUG:colcon.colcon_parallel_executor.executor.parallel:closing loop
[3.523s] DEBUG:colcon.colcon_parallel_executor.executor.parallel:loop closed
[3.523s] DEBUG:colcon.colcon_parallel_executor.executor.parallel:run_until_complete finished with '0'
[3.523s] DEBUG:colcon.colcon_core.event_reactor:joining thread
[3.551s] INFO:colcon.colcon_core.plugin_system:Skipping extension 'colcon_notification.desktop_notification.notify_send': Could not find 'notify-send'
[3.551s] INFO:colcon.colcon_core.plugin_system:Skipping extension 'colcon_notification.desktop_notification.terminal_notifier': Not used on non-Darwin systems
[3.551s] INFO:colcon.colcon_core.plugin_system:Skipping extension 'colcon_notification.desktop_notification.win32': Not used on non-Windows systems
[3.551s] INFO:colcon.colcon_notification.desktop_notification:Sending desktop notification using 'notify2'
[3.552s] DEBUG:colcon.colcon_notification.desktop_notification.notify2:Failed to initialize notify2: org.freedesktop.DBus.Error.NotSupported: Unable to autolaunch a dbus-daemon without a $DISPLAY for X11
[3.552s] DEBUG:colcon.colcon_core.event_reactor:joined thread
[3.571s] INFO:colcon.colcon_core.shell:Creating prefix script '/source/install/local_setup.ps1'
[3.573s] INFO:colcon.colcon_core.shell:Creating prefix util module '/source/install/_local_setup_util_ps1.py'
[3.575s] INFO:colcon.colcon_core.shell:Creating prefix chain script '/source/install/setup.ps1'
[3.594s] INFO:colcon.colcon_core.shell:Creating prefix script '/source/install/local_setup.sh'
[3.595s] INFO:colcon.colcon_core.shell:Creating prefix util module '/source/install/_local_setup_util_sh.py'
[3.596s] INFO:colcon.colcon_core.shell:Creating prefix chain script '/source/install/setup.sh'
[3.613s] INFO:colcon.colcon_core.shell:Creating prefix script '/source/install/local_setup.bash'
[3.614s] INFO:colcon.colcon_core.shell:Creating prefix chain script '/source/install/setup.bash'
[3.631s] INFO:colcon.colcon_core.shell:Creating prefix script '/source/install/local_setup.zsh'
[3.632s] INFO:colcon.colcon_core.shell:Creating prefix chain script '/source/install/setup.zsh'
